Login - admin  - ADMIN - Dia:04-01-2022 - Hora:18:35:25
Login - admin  - ADMIN - Dia:04-01-2022 - Hora:18:39:53
Logout - admin  - ADMIN - Dia:04-01-2022 - Hora:18:47:49
Logout - admin  - ADMIN - Dia:04-01-2022 - Hora:18:48:07
Logout - admin  - ADMIN - Dia:04-01-2022 - Hora:18:48:10
Logout - admin  - ADMIN - Dia:04-01-2022 - Hora:18:48:10
Logout - admin  - ADMIN - Dia:04-01-2022 - Hora:18:48:20
Login - admin  - ADMIN - Dia:04-01-2022 - Hora:18:49:46
Logout - admin  - ADMIN - Dia:04-01-2022 - Hora:18:50:00
Login - administrador  - ADMIN - Dia:04-01-2022 - Hora:18:50:46
Logout - administrador  - ADMIN - Dia:04-01-2022 - Hora:18:50:52
Login - administrador  - ADMIN - Dia:04-01-2022 - Hora:18:51:06
administrador - Elimina Alumnat  - Dia:04-01-2022 - Hora:19:05:49
administrador - Modificat  - Dia:04-01-2022 - Hora:19:06:03
administrador - Backup realitzat  - Dia:04-01-2022 - Hora:19:07:25
administrador - Modificat  - Dia:04-01-2022 - Hora:19:07:42
administrador - Nou Usuari  - Dia:04-01-2022 - Hora:19:10:15
administrador - Nou Usuari  - Dia:04-01-2022 - Hora:19:13:18
Logout - administrador  - ADMIN - Dia:04-01-2022 - Hora:19:21:37
admin - Login  - Dia:06-01-2022 - Hora:17:08:19
admin - Nou Usuari  - Dia:06-01-2022 - Hora:17:11:11
admin - Elimina Alumnat  - Dia:06-01-2022 - Hora:17:11:23
admin - Modificat  - Dia:06-01-2022 - Hora:17:11:35
admin - Backup realitzat  - Dia:06-01-2022 - Hora:17:11:42
Logout - admin  - ADMIN - Dia:06-01-2022 - Hora:17:20:24
admin - Login  - Dia:06-01-2022 - Hora:17:22:26
Logout - admin  - ADMIN - Dia:06-01-2022 - Hora:17:35:59
admin - Login  - Dia:06-01-2022 - Hora:17:56:42
admin - Login  - Dia:06-01-2022 - Hora:17:58:46
admin - Login  - Dia:06-01-2022 - Hora:18:01:59
Logout - admin  - ADMIN - Dia:06-01-2022 - Hora:18:10:43
admin - Login  - Dia:06-01-2022 - Hora:18:11:07
admin - Login  - Dia:06-01-2022 - Hora:18:14:33
Logout - admin  - ADMIN - Dia:06-01-2022 - Hora:18:52:53
admin - Login  - Dia:06-01-2022 - Hora:18:53:10
admin - Login  - Dia:06-01-2022 - Hora:18:54:20
admin - Login  - Dia:06-01-2022 - Hora:18:55:13
Logout - admin  - ADMIN - Dia:06-01-2022 - Hora:18:56:56
admin - Login  - Dia:06-01-2022 - Hora:19:16:40
Logout - admin  - ADMIN - Dia:06-01-2022 - Hora:19:23:25
admin - Login  - Dia:06-01-2022 - Hora:19:24:06
admin - Backup realitzat  - Dia:06-01-2022 - Hora:19:40:08
admin - Nou Usuari  - Dia:06-01-2022 - Hora:19:41:59
admin - Login  - Dia:06-01-2022 - Hora:19:43:14
admin - Modificat  - Dia:06-01-2022 - Hora:19:43:48
admin - Elimina Alumnat  - Dia:06-01-2022 - Hora:19:43:56
Logout - admin  - ADMIN - Dia:06-01-2022 - Hora:19:44:08
admin - Login  - Dia:09-01-2022 - Hora:12:43:42
admin - Login  - Dia:09-01-2022 - Hora:13:04:36
Logout - admin  - ADMIN - Dia:09-01-2022 - Hora:13:12:16
admin - Login  - Dia:09-01-2022 - Hora:13:12:53
admin - Elimina Alumnat  - Dia:09-01-2022 - Hora:16:08:01
admin - Backup realitzat  - Dia:09-01-2022 - Hora:16:19:48
admin - Login  - Dia:09-01-2022 - Hora:18:55:50
Logout - admin  - ADMIN - Dia:09-01-2022 - Hora:18:56:04
admin - Login  - Dia:09-01-2022 - Hora:18:57:36
Logout - admin  - ADMIN - Dia:09-01-2022 - Hora:18:57:49
admin - Login  - Dia:09-01-2022 - Hora:18:58:48
Logout - admin  - ADMIN - Dia:09-01-2022 - Hora:19:56:15
admin - Login  - Dia:12-01-2022 - Hora:22:58:14
Logout - admin  - ADMIN - Dia:12-01-2022 - Hora:22:58:43
admin - Login  - Dia:12-01-2022 - Hora:22:58:55
admin - Login  - Dia:12-01-2022 - Hora:23:03:19
Logout - admin  - ADMIN - Dia:12-01-2022 - Hora:23:06:39
admin - Login  - Dia:12-01-2022 - Hora:23:06:50
Logout - admin  - ADMIN - Dia:12-01-2022 - Hora:23:29:03
admin - Login  - Dia:12-01-2022 - Hora:23:32:02
admin - Elimina Alumnat  - Dia:12-01-2022 - Hora:23:32:18
admin - Elimina Alumnat  - Dia:12-01-2022 - Hora:23:32:31
Logout - admin  - ADMIN - Dia:21-01-2022 - Hora:19:26:17
admin - Login  - Dia:02-02-2022 - Hora:17:51:26
admin - Modificat  - Dia:02-02-2022 - Hora:17:59:05
Logout - admin  - ADMIN - Dia:02-02-2022 - Hora:18:00:26
admin - Login  - Dia:02-02-2022 - Hora:18:36:31
admin - Login  - Dia:23-02-2022 - Hora:22:25:12
admin - Modificat  - Dia:23-02-2022 - Hora:22:25:26
admin - Elimina Alumnat  - Dia:23-02-2022 - Hora:22:25:36
Logout - admin  - ADMIN - Dia:23-02-2022 - Hora:22:26:38
admin - Login  - Dia:24-02-2022 - Hora:12:18:41
Logout - admin  - ADMIN - Dia:24-02-2022 - Hora:12:19:28
admin - Login  - Dia:24-02-2022 - Hora:12:20:00
admin - Elimina Professor  - Dia:24-02-2022 - Hora:12:20:27
admin - Modificat  - Dia:24-02-2022 - Hora:12:20:42
admin - Modificat  - Dia:24-02-2022 - Hora:12:21:54
admin - Nou Usuari  - Dia:24-02-2022 - Hora:12:23:33
admin - Backup realitzat  - Dia:24-02-2022 - Hora:12:23:52
Logout - admin  - ADMIN - Dia:24-02-2022 - Hora:12:25:44
admin - Login  - Dia:08-03-2022 - Hora:17:00:21
admin - Modificat  - Dia:08-03-2022 - Hora:17:00:30
admin - Elimina Alumnat  - Dia:08-03-2022 - Hora:17:00:47
Logout - admin  - ADMIN - Dia:08-03-2022 - Hora:17:03:12
admin - Login  - Dia:09-03-2022 - Hora:10:14:39
Logout - admin  - ADMIN - Dia:09-03-2022 - Hora:10:14:44
admin - Login  - Dia:09-03-2022 - Hora:10:14:56
Logout - admin  - ADMIN - Dia:09-03-2022 - Hora:10:26:01
admin - Login  - Dia:09-03-2022 - Hora:10:26:56
Logout - admin  - ADMIN - Dia:09-03-2022 - Hora:10:28:49
admin - Login  - Dia:09-03-2022 - Hora:10:44:41
Logout - admin  - ADMIN - Dia:09-03-2022 - Hora:10:46:15
admin - Login  - Dia:09-03-2022 - Hora:10:46:39
Logout - admin  - ADMIN - Dia:09-03-2022 - Hora:10:57:14
admin - Login  - Dia:09-03-2022 - Hora:10:57:24
Logout - admin  - ADMIN - Dia:09-03-2022 - Hora:11:01:55
admin - Login  - Dia:09-03-2022 - Hora:11:04:07
admin - Login  - Dia:09-03-2022 - Hora:12:23:21
admin - Login  - Dia:09-03-2022 - Hora:12:27:27
Logout - admin  - ADMIN - Dia:09-03-2022 - Hora:16:03:04
admin - Login  - Dia:09-03-2022 - Hora:16:04:48
Logout - admin  - ADMIN - Dia:09-03-2022 - Hora:16:05:45
admin - Login  - Dia:09-03-2022 - Hora:21:07:56
Logout - admin  - ADMIN - Dia:09-03-2022 - Hora:22:06:09
admin - Login  - Dia:09-03-2022 - Hora:22:08:10
Logout - admin  - ADMIN - Dia:09-03-2022 - Hora:22:08:32
admin - Login  - Dia:09-03-2022 - Hora:22:10:11
Logout - admin  - ADMIN - Dia:09-03-2022 - Hora:22:11:25
admin - Login  - Dia:09-03-2022 - Hora:22:12:56
Logout - admin  - ADMIN - Dia:09-03-2022 - Hora:22:13:13
admin - Login  - Dia:09-03-2022 - Hora:22:54:31
Logout - admin  - ADMIN - Dia:09-03-2022 - Hora:23:28:01
admin - Login  - Dia:10-03-2022 - Hora:00:01:47
admin - Login  - Dia:10-03-2022 - Hora:00:02:57
admin - Login  - Dia:10-03-2022 - Hora:13:12:10
Logout - admin  - ADMIN - Dia:10-03-2022 - Hora:13:12:43
admin - Login  - Dia:10-03-2022 - Hora:13:16:41
Logout - admin  - ADMIN - Dia:10-03-2022 - Hora:13:18:15
admin - Login  - Dia:10-03-2022 - Hora:13:20:08
Logout - admin  - ADMIN - Dia:10-03-2022 - Hora:13:27:22
admin - Login  - Dia:10-03-2022 - Hora:13:51:13
Logout - admin  - ADMIN - Dia:10-03-2022 - Hora:13:51:34
admin - Login  - Dia:10-03-2022 - Hora:13:53:00
