Login - martina@gmail.com - alumnat - Dia:09-12-2021 - Hora:18:33:15
Dades Usuari Modificades - martina@gmail.com - alumnat - Dia:09-12-2021 - Hora:18:34:55
Contrasenya canviada - martina@gmail.com - alumnat - Dia:09-12-2021 - Hora:18:35:38
Logout - martina@gmail.com - alumnat - Dia:09-12-2021 - Hora:18:35:51
Login - martina@gmail.com - alumnat - Dia:09-12-2021 - Hora:18:36:43
Baixa - martina@gmail.com - alumnat - Dia:09-12-2021 - Hora:18:37:03
Nou Usuari - enricm@gmail.com - ALUMNAT - Dia:09-12-2021 - Hora:18:38:57
Login - enricm@gmail.com - alumnat - Dia:09-12-2021 - Hora:18:41:02
Dades Usuari Modificades - enricm@gmail.com - alumnat - Dia:09-12-2021 - Hora:18:41:17
Contrasenya canviada - enricm@gmail.com - alumnat - Dia:09-12-2021 - Hora:18:41:42
Login - enricm@gmail.com - alumnat - Dia:10-12-2021 - Hora:09:07:07
Logout - enricm@gmail.com - alumnat - Dia:10-12-2021 - Hora:09:20:08
Login - anas@gmail.com - alumnat - Dia:16-12-2021 - Hora:12:16:45
Logout - anas@gmail.com - alumnat - Dia:16-12-2021 - Hora:12:28:31
Nou Usuari - samug@gmail.com - ALUMNAT - Dia:16-12-2021 - Hora:12:31:47
Login - samug@gmail.com - alumnat - Dia:16-12-2021 - Hora:12:33:04
Logout - samug@gmail.com - alumnat - Dia:16-12-2021 - Hora:12:33:52
Login - samug@gmail.com - alumnat - Dia:16-12-2021 - Hora:12:34:53
Contrasenya canviada - samug@gmail.com - alumnat - Dia:16-12-2021 - Hora:12:36:46
Dades Usuari Modificades - samug@gmail.com - alumnat - Dia:16-12-2021 - Hora:12:37:14
Baixa - samug@gmail.com - alumnat - Dia:16-12-2021 - Hora:12:41:14
